<?xml version="1.0" encoding="UTF-8" ?>
<testsuite tests="23" failures="0" name="TestSuite" time="0.58" errors="0" skipped="0">
  <properties>
[...]
</properties>
  <testcase classname="com.mvc.controller.AppControllerTest" name="deletePlayer" time="0.05"/>
  <testcase classname="com.mvc.controller.AppControllerTest" name="editPlayer" time="0.016"/>
  <testcase classname="com.mvc.controller.AppControllerTest" name="listPlayers" time="0.012"/>
  <testcase classname="com.mvc.controller.AppControllerTest" name="newPlayer" time="0.001"/>
  <testcase classname="com.mvc.controller.AppControllerTest" name="savePlayerWithSuccess" time="0.001"/>
  <testcase classname="com.mvc.controller.AppControllerTest" name="savePlayerWithValidationError" time="0.001"/>
  <testcase classname="com.mvc.controller.AppControllerTest" name="savePlayerWithValidationErrorNonUniqueJersey" time="0.002"/>
  <testcase classname="com.mvc.controller.AppControllerTest" name="updatePlayerWithSuccess" time="0.001"/>
  <testcase classname="com.mvc.controller.AppControllerTest" name="updatePlayerWithValidationError" time="0"/>
  <testcase classname="com.mvc.controller.AppControllerTest" name="updatePlayerWithValidationErrorNonUniqueSSN" time="0"/>
  <testcase classname="com.mvc.dao.PlayerDaoImplTest" name="deletePlayerByInvalidJersey" time="0.241"/>
  <testcase classname="com.mvc.dao.PlayerDaoImplTest" name="deletePlayerByJersey" time="0.008"/>
  <testcase classname="com.mvc.dao.PlayerDaoImplTest" name="findAllPlayers" time="0"/>
  <testcase classname="com.mvc.dao.PlayerDaoImplTest" name="findById" time="0.19"/>
  <testcase classname="com.mvc.dao.PlayerDaoImplTest" name="findPlayerByJersey" time="0"/>
  <testcase classname="com.mvc.dao.PlayerDaoImplTest" name="savePlayer" time="0.048"/>
  <testcase classname="com.mvc.service.PlayerServiceImplTest" name="deletePlayerByJersey" time="0.001"/>
  <testcase classname="com.mvc.service.PlayerServiceImplTest" name="findAllPlayers" time="0"/>
  <testcase classname="com.mvc.service.PlayerServiceImplTest" name="findById" time="0.001"/>
  <testcase classname="com.mvc.service.PlayerServiceImplTest" name="findPlayerByJersey" time="0.001"/>
  <testcase classname="com.mvc.service.PlayerServiceImplTest" name="isPlayerJerseyUnique" time="0"/>
  <testcase classname="com.mvc.service.PlayerServiceImplTest" name="savePlayer" time="0.004"/>
  <testcase classname="com.mvc.service.PlayerServiceImplTest" name="updatePlayer" time="0.002"/>
</testsuite>