<?xml version="1.0" encoding="UTF-8"?>
<!-- Generated by org.testng.reporters.JUnitXMLReporter -->
<testsuite hostname="GJSIMPSO-LAP" name="Command line test" tests="23" failures="0" timestamp="27 Jan 2016 17:50:11 GMT" time="5.774" errors="0">
  <testcase name="deletePlayer" time="0.03" classname="com.mvc.controller.AppControllerTest"/>
  <testcase name="editPlayer" time="0.04" classname="com.mvc.controller.AppControllerTest"/>
  <testcase name="listPlayers" time="0.013" classname="com.mvc.controller.AppControllerTest"/>
  <testcase name="newPlayer" time="0.001" classname="com.mvc.controller.AppControllerTest"/>
  <testcase name="savePlayerWithSuccess" time="0.001" classname="com.mvc.controller.AppControllerTest"/>
  <testcase name="savePlayerWithValidationError" time="0.001" classname="com.mvc.controller.AppControllerTest"/>
  <testcase name="savePlayerWithValidationErrorNonUniqueJersey" time="0.002" classname="com.mvc.controller.AppControllerTest"/>
  <testcase name="updatePlayerWithSuccess" time="0.001" classname="com.mvc.controller.AppControllerTest"/>
  <testcase name="updatePlayerWithValidationError" time="0.001" classname="com.mvc.controller.AppControllerTest"/>
  <testcase name="updatePlayerWithValidationErrorNonUniqueSSN" time="0.001" classname="com.mvc.controller.AppControllerTest"/>
  <testcase name="deletePlayerByInvalidJersey" time="0.241" classname="com.mvc.dao.PlayerDaoImplTest"/>
  <testcase name="deletePlayerByJersey" time="0.01" classname="com.mvc.dao.PlayerDaoImplTest"/>
  <testcase name="findAllPlayers" time="0.003" classname="com.mvc.dao.PlayerDaoImplTest"/>
  <testcase name="findById" time="0.063" classname="com.mvc.dao.PlayerDaoImplTest"/>
  <testcase name="findPlayerByJersey" time="0.027" classname="com.mvc.dao.PlayerDaoImplTest"/>
  <testcase name="savePlayer" time="0.051" classname="com.mvc.dao.PlayerDaoImplTest"/>
  <testcase name="deletePlayerByJersey" time="0.001" classname="com.mvc.service.PlayerServiceImplTest"/>
  <testcase name="findAllPlayers" time="0.0" classname="com.mvc.service.PlayerServiceImplTest"/>
  <testcase name="findById" time="0.0" classname="com.mvc.service.PlayerServiceImplTest"/>
  <testcase name="findPlayerByJersey" time="0.001" classname="com.mvc.service.PlayerServiceImplTest"/>
  <testcase name="isPlayerJerseyUnique" time="0.001" classname="com.mvc.service.PlayerServiceImplTest"/>
  <testcase name="savePlayer" time="0.004" classname="com.mvc.service.PlayerServiceImplTest"/>
  <testcase name="updatePlayer" time="0.001" classname="com.mvc.service.PlayerServiceImplTest"/>
</testsuite> <!-- Command line test -->
